fill: N = 10, debug_dump = 1
*** input ***
 9383  -886  2777  6915  7793  8335 -5386  -492  6649  1421 

count_holes returns n_holes = 3

serial_fill_holes returns n_holes = 3

*** h_output after serial_fill_holes ***
 9383  1421  2777  6915  7793  8335  6649 

verification succeeded; 7 non holes!

*** d_tmp after add_one ***
 9384  8336  7794  6916  6650  2778  1422  -491  -885 -5385 

*** d_tmp after second add_one ***
 9385  8337  7795  6917  6651  2779  1423  -490  -884 -5384 

*** d_tmp after set_one ***
    1     1     1     1     1     1     1     1     1     1 

*** d_output after exscan of d_tmp ***
    0     1     2     3     4     5     6     7     8     9 

*** h_output on host ***
    0     1     2     3     4     5     6     7     8     9 


real	0m0.663s
user	0m0.464s
sys	0m0.172s
